  BulletHandle.cpp
BulletHandle.cpp(24): warning C4244: '+=': conversion from 'double' to 'float', possible loss of data
BulletHandle.cpp(25): warning C4244: '+=': conversion from 'double' to 'float', possible loss of data
  Debug.cpp
  Enemy.cpp
Enemy.cpp(13): warning C4244: '=': conversion from 'double' to 'float', possible loss of data
  EventHandler.cpp
  FPS.cpp
FPS.cpp(70): warning C4244: 'argument': conversion from 'float' to 'const int', possible loss of data
  Graphics.cpp
Graphics.cpp(43): warning C4244: 'argument': conversion from 'float' to 'int', possible loss of data
Graphics.cpp(57): warning C4244: '=': conversion from 'float' to 'int', possible loss of data
Graphics.cpp(58): warning C4244: '=': conversion from 'float' to 'int', possible loss of data
Graphics.cpp(61): warning C4244: 'initializing': conversion from 'float' to 'int', possible loss of data
Graphics.cpp(118): warning C4244: '=': conversion from 'int' to 'float', possible loss of data
Graphics.cpp(119): warning C4244: '=': conversion from 'int' to 'float', possible loss of data
Graphics.cpp(143): warning C4244: 'argument': conversion from 'const float' to 'GLubyte', possible loss of data
Graphics.cpp(186): warning C4244: 'argument': conversion from 'float' to 'int', possible loss of data
Graphics.cpp(196): warning C4244: '=': conversion from 'float' to 'int', possible loss of data
Graphics.cpp(197): warning C4244: '=': conversion from 'float' to 'int', possible loss of data
Graphics.cpp(200): warning C4244: 'initializing': conversion from 'float' to 'int', possible loss of data
Graphics.cpp(271): warning C4244: '+=': conversion from 'double' to 'float', possible loss of data
  Loop.cpp
Loop.cpp(23): warning C4101: 'buffer': unreferenced local variable
  LoopHandle.cpp
  Main.cpp
  MainLoop.cpp
MainLoop.cpp(23): warning C4018: '<': signed/unsigned mismatch
MainLoop.cpp(29): warning C4244: 'argument': conversion from 'const unsigned int' to 'const float', possible loss of data
MainLoop.cpp(35): warning C4018: '<': signed/unsigned mismatch
MainLoop.cpp(76): warning C4244: 'argument': conversion from 'float' to 'int', possible loss of data
  Player.cpp
Player.cpp(14): warning C4244: '=': conversion from 'double' to 'float', possible loss of data
  Tank.cpp
Tank.cpp(23): warning C4244: 'argument': conversion from 'double' to 'const float', possible loss of data
Tank.cpp(60): warning C4244: 'argument': conversion from 'double' to 'const float', possible loss of data
Tank.cpp(65): warning C4244: 'argument': conversion from 'double' to 'const float', possible loss of data
Tank.cpp(83): warning C4244: '+=': conversion from 'double' to 'float', possible loss of data
Tank.cpp(85): warning C4244: '+=': conversion from 'double' to 'float', possible loss of data
Tank.cpp(90): warning C4244: '-=': conversion from 'double' to 'float', possible loss of data
Tank.cpp(91): warning C4244: '-=': conversion from 'double' to 'float', possible loss of data
Tank.cpp(114): warning C4244: '=': conversion from 'int' to 'float', possible loss of data
Tank.cpp(116): warning C4244: '=': conversion from 'int' to 'float', possible loss of data
Tank.cpp(119): warning C4244: '=': conversion from 'int' to 'float', possible loss of data
Tank.cpp(121): warning C4244: '=': conversion from 'int' to 'float', possible loss of data
  Text.cpp
Text.cpp(65): warning C4018: '<': signed/unsigned mismatch
Text.cpp(71): warning C4244: 'argument': conversion from 'int' to 'const float', possible loss of data
  TileMap.cpp
TileMap.cpp(23): warning C4244: 'argument': conversion from 'int' to 'const float', possible loss of data
TileMap.cpp(24): warning C4244: 'argument': conversion from 'int' to 'const float', possible loss of data
TileMap.cpp(25): warning C4244: 'argument': conversion from 'int' to 'const float', possible loss of data
  Time.cpp
  TreadMarks.cpp
  Generating code
  All 1013 functions were compiled because no usable IPDB/IOBJ from previous compilation was found.
  Finished generating code
  Project1.vcxproj -> C:\Users\benjamin.odom\Documents\GitHub\Assesments\4. Shooter\Release\Project1.exe
