c:\users\womb-raider\documents\github\assesments\pong\pong\debug\vc140.pdb
c:\users\womb-raider\documents\github\assesments\pong\pong\debug\vc140.idb
c:\users\womb-raider\documents\github\assesments\pong\pong\debug\ball.obj
c:\users\womb-raider\documents\github\assesments\pong\pong\debug\eventhandler.obj
c:\users\womb-raider\documents\github\assesments\pong\pong\debug\graphics.obj
c:\users\womb-raider\documents\github\assesments\pong\pong\debug\handle.obj
c:\users\womb-raider\documents\github\assesments\pong\pong\debug\loop.obj
c:\users\womb-raider\documents\github\assesments\pong\pong\debug\main.obj
c:\users\womb-raider\documents\github\assesments\pong\pong\debug\mainloop.obj
c:\users\womb-raider\documents\github\assesments\pong\pong\debug\paddle.obj
c:\users\womb-raider\documents\github\assesments\pong\pong\debug\time.obj
c:\users\womb-raider\documents\github\assesments\pong\debug\pong.ilk
c:\users\womb-raider\documents\github\assesments\pong\debug\pong.exe
c:\users\womb-raider\documents\github\assesments\pong\debug\pong.pdb
c:\users\womb-raider\documents\github\assesments\pong\pong\debug\pong.tlog\cl.command.1.tlog
c:\users\womb-raider\documents\github\assesments\pong\pong\debug\pong.tlog\cl.read.1.tlog
c:\users\womb-raider\documents\github\assesments\pong\pong\debug\pong.tlog\cl.write.1.tlog
c:\users\womb-raider\documents\github\assesments\pong\pong\debug\pong.tlog\link.command.1.tlog
c:\users\womb-raider\documents\github\assesments\pong\pong\debug\pong.tlog\link.read.1.tlog
c:\users\womb-raider\documents\github\assesments\pong\pong\debug\pong.tlog\link.write.1.tlog
