c:\users\benjamin.odom\documents\github\assesments\3. wumpus world\project1\debug\vc140.pdb
c:\users\benjamin.odom\documents\github\assesments\3. wumpus world\project1\debug\vc140.idb
c:\users\benjamin.odom\documents\github\assesments\3. wumpus world\project1\debug\eventhandle.obj
c:\users\benjamin.odom\documents\github\assesments\3. wumpus world\project1\debug\grid.obj
c:\users\benjamin.odom\documents\github\assesments\3. wumpus world\project1\debug\loop.obj
c:\users\benjamin.odom\documents\github\assesments\3. wumpus world\project1\debug\loophandle.obj
c:\users\benjamin.odom\documents\github\assesments\3. wumpus world\project1\debug\robot.obj
c:\users\benjamin.odom\documents\github\assesments\3. wumpus world\project1\debug\main.obj
c:\users\benjamin.odom\documents\github\assesments\3. wumpus world\project1\debug\dungeon.obj
c:\users\benjamin.odom\documents\github\assesments\3. wumpus world\project1\debug\system.obj
c:\users\benjamin.odom\documents\github\assesments\3. wumpus world\project1\debug\mainloop.obj
c:\users\benjamin.odom\documents\github\assesments\3. wumpus world\debug\project1.ilk
c:\users\benjamin.odom\documents\github\assesments\3. wumpus world\debug\project1.exe
c:\users\benjamin.odom\documents\github\assesments\3. wumpus world\debug\project1.pdb
c:\users\benjamin.odom\documents\github\assesments\3. wumpus world\project1\debug\project1.tlog\cl.command.1.tlog
c:\users\benjamin.odom\documents\github\assesments\3. wumpus world\project1\debug\project1.tlog\cl.read.1.tlog
c:\users\benjamin.odom\documents\github\assesments\3. wumpus world\project1\debug\project1.tlog\cl.write.1.tlog
c:\users\benjamin.odom\documents\github\assesments\3. wumpus world\project1\debug\project1.tlog\link.command.1.tlog
c:\users\benjamin.odom\documents\github\assesments\3. wumpus world\project1\debug\project1.tlog\link.read.1.tlog
c:\users\benjamin.odom\documents\github\assesments\3. wumpus world\project1\debug\project1.tlog\link.write.1.tlog
