Build started 9/14/2015 10:53:40 AM.
     1>Project "C:\Users\benjamin.odom\Documents\GitHub\Assesments\3. Wumpus World\Project1\Project1.vcxproj" on node 2 (Build target(s)).
     1>ClCompile:
         C:\Program Files (x86)\Microsoft Visual Studio 14.0\VC\bin\CL.exe /c /ZI /nologo /W3 /WX- /sdl /Od /Oy- /D _MBCS /Gm /EHsc /RTC1 /MDd /GS /fp:precise /Zc:wchar_t /Zc:forScope /Zc:inline /Fo"Debug\\" /Fd"Debug\vc140.pdb" /Gd /TP /analyze- /errorReport:prompt EventHandle.cpp Grid.cpp Loop.cpp LoopHandle.cpp MainLoop.cpp Robot.cpp Main.cpp Dungeon.cpp System.cpp
         System.cpp
     1>c:\users\benjamin.odom\documents\github\assesments\3. wumpus world\project1\system.cpp(17): warning C4800: 'BOOL': forcing value to bool 'true' or 'false' (performance warning)
     1>c:\users\benjamin.odom\documents\github\assesments\3. wumpus world\project1\system.cpp(22): warning C4800: 'BOOL': forcing value to bool 'true' or 'false' (performance warning)
     1>c:\users\benjamin.odom\documents\github\assesments\3. wumpus world\project1\system.cpp(24): warning C4018: '>': signed/unsigned mismatch
     1>c:\users\benjamin.odom\documents\github\assesments\3. wumpus world\project1\system.cpp(32): warning C4018: '>=': signed/unsigned mismatch
     1>c:\users\benjamin.odom\documents\github\assesments\3. wumpus world\project1\system.cpp(40): warning C4018: '<': signed/unsigned mismatch
     1>c:\users\benjamin.odom\documents\github\assesments\3. wumpus world\project1\system.cpp(42): warning C4800: 'BOOL': forcing value to bool 'true' or 'false' (performance warning)
     1>c:\users\benjamin.odom\documents\github\assesments\3. wumpus world\project1\system.cpp(54): warning C4018: '<': signed/unsigned mismatch
     1>c:\users\benjamin.odom\documents\github\assesments\3. wumpus world\project1\system.cpp(57): warning C4018: '<': signed/unsigned mismatch
     1>c:\users\benjamin.odom\documents\github\assesments\3. wumpus world\project1\system.cpp(104): warning C4244: 'return': conversion from 'float' to 'int', possible loss of data
     1>c:\users\benjamin.odom\documents\github\assesments\3. wumpus world\project1\system.cpp(118): warning C4244: 'argument': conversion from 'time_t' to 'unsigned int', possible loss of data
         Dungeon.cpp
         Main.cpp
         Robot.cpp
         MainLoop.cpp
         LoopHandle.cpp
         Loop.cpp
         Grid.cpp
     1>c:\users\benjamin.odom\documents\github\assesments\3. wumpus world\project1\grid.cpp(25): warning C4018: '<': signed/unsigned mismatch
     1>c:\users\benjamin.odom\documents\github\assesments\3. wumpus world\project1\grid.cpp(27): warning C4018: '<': signed/unsigned mismatch
     1>c:\users\benjamin.odom\documents\github\assesments\3. wumpus world\project1\grid.cpp(86): warning C4018: '<': signed/unsigned mismatch
         EventHandle.cpp
     1>c:\users\benjamin.odom\documents\github\assesments\3. wumpus world\project1\eventhandle.cpp(12): warning C4018: '<': signed/unsigned mismatch
     1>c:\users\benjamin.odom\documents\github\assesments\3. wumpus world\project1\eventhandle.cpp(15): warning C4018: '<': signed/unsigned mismatch
     1>c:\users\benjamin.odom\documents\github\assesments\3. wumpus world\project1\eventhandle.cpp(17): warning C4018: '>=': signed/unsigned mismatch
     1>c:\users\benjamin.odom\documents\github\assesments\3. wumpus world\project1\eventhandle.cpp(19): warning C4018: '>=': signed/unsigned mismatch
     1>c:\users\benjamin.odom\documents\github\assesments\3. wumpus world\project1\eventhandle.cpp(38): warning C4018: '<': signed/unsigned mismatch
     1>c:\users\benjamin.odom\documents\github\assesments\3. wumpus world\project1\eventhandle.cpp(40): warning C4018: '<': signed/unsigned mismatch
     1>c:\users\benjamin.odom\documents\github\assesments\3. wumpus world\project1\eventhandle.cpp(42): warning C4018: '<': signed/unsigned mismatch
     1>c:\users\benjamin.odom\documents\github\assesments\3. wumpus world\project1\eventhandle.cpp(48): warning C4018: '<': signed/unsigned mismatch
         Generating Code...
       Link:
         C:\Program Files (x86)\Microsoft Visual Studio 14.0\VC\bin\link.exe /ERRORREPORT:PROMPT /OUT:"C:\Users\benjamin.odom\Documents\GitHub\Assesments\3. Wumpus World\Debug\Project1.exe" /INCREMENTAL /NOLOGO kernel32.lib user32.lib gdi32.lib winspool.lib comdlg32.lib advapi32.lib shell32.lib ole32.lib oleaut32.lib uuid.lib odbc32.lib odbccp32.lib /MANIFEST /MANIFESTUAC:"level='asInvoker' uiAccess='false'" /manifest:embed /Debug /PDB:"C:\Users\benjamin.odom\Documents\GitHub\Assesments\3. Wumpus World\Debug\Project1.pdb" /TLBID:1 /DYNAMICBASE /NXCOMPAT /IMPLIB:"C:\Users\benjamin.odom\Documents\GitHub\Assesments\3. Wumpus World\Debug\Project1.lib" /MACHINE:X86 Debug\EventHandle.obj
         Debug\Grid.obj
         Debug\Loop.obj
         Debug\LoopHandle.obj
         Debug\MainLoop.obj
         Debug\Robot.obj
         Debug\Main.obj
         Debug\Dungeon.obj
         Debug\System.obj
         Project1.vcxproj -> C:\Users\benjamin.odom\Documents\GitHub\Assesments\3. Wumpus World\Debug\Project1.exe
     1>Done Building Project "C:\Users\benjamin.odom\Documents\GitHub\Assesments\3. Wumpus World\Project1\Project1.vcxproj" (Build target(s)).

Build succeeded.

Time Elapsed 00:00:07.51
