c:\users\benjamin.odom\documents\github\assesments\3. wumpus world\project1\release\vc140.pdb
c:\users\benjamin.odom\documents\github\assesments\3. wumpus world\project1\release\system.obj
c:\users\benjamin.odom\documents\github\assesments\3. wumpus world\project1\release\dungeon.obj
c:\users\benjamin.odom\documents\github\assesments\3. wumpus world\project1\release\main.obj
c:\users\benjamin.odom\documents\github\assesments\3. wumpus world\project1\release\robot.obj
c:\users\benjamin.odom\documents\github\assesments\3. wumpus world\project1\release\mainloop.obj
c:\users\benjamin.odom\documents\github\assesments\3. wumpus world\project1\release\loophandle.obj
c:\users\benjamin.odom\documents\github\assesments\3. wumpus world\project1\release\loop.obj
c:\users\benjamin.odom\documents\github\assesments\3. wumpus world\project1\release\grid.obj
c:\users\benjamin.odom\documents\github\assesments\3. wumpus world\project1\release\eventhandle.obj
c:\users\benjamin.odom\documents\github\assesments\3. wumpus world\release\project1.exe
c:\users\benjamin.odom\documents\github\assesments\3. wumpus world\release\project1.ipdb
c:\users\benjamin.odom\documents\github\assesments\3. wumpus world\release\project1.iobj
c:\users\benjamin.odom\documents\github\assesments\3. wumpus world\release\project1.pdb
c:\users\benjamin.odom\documents\github\assesments\3. wumpus world\project1\release\project1.tlog\cl.command.1.tlog
c:\users\benjamin.odom\documents\github\assesments\3. wumpus world\project1\release\project1.tlog\cl.read.1.tlog
c:\users\benjamin.odom\documents\github\assesments\3. wumpus world\project1\release\project1.tlog\cl.write.1.tlog
c:\users\benjamin.odom\documents\github\assesments\3. wumpus world\project1\release\project1.tlog\link.command.1.tlog
c:\users\benjamin.odom\documents\github\assesments\3. wumpus world\project1\release\project1.tlog\link.read.1.tlog
c:\users\benjamin.odom\documents\github\assesments\3. wumpus world\project1\release\project1.tlog\link.write.1.tlog
