Build started 9/21/2015 10:03:58 AM.
     1>Project "C:\Users\benjamin.odom\Documents\GitHub\Assesments\3. Wumpus World\Project1\Project1.vcxproj" on node 2 (Build target(s)).
     1>ClCompile:
         C:\Program Files (x86)\Microsoft Visual Studio 14.0\VC\bin\CL.exe /c /Zi /nologo /W3 /WX- /sdl /O2 /Oi /Oy- /GL /D _MBCS /Gm- /EHsc /MD /GS /Gy /fp:precise /Zc:wchar_t /Zc:forScope /Zc:inline /Fo"Release\\" /Fd"Release\vc140.pdb" /Gd /TP /analyze- /errorReport:prompt Dungeon.cpp EventHandle.cpp Grid.cpp Loop.cpp LoopHandle.cpp Main.cpp MainLoop.cpp Robot.cpp System.cpp
         Dungeon.cpp
         EventHandle.cpp
     1>EventHandle.cpp(18): warning C4018: '<': signed/unsigned mismatch
     1>EventHandle.cpp(21): warning C4018: '<': signed/unsigned mismatch
     1>EventHandle.cpp(23): warning C4018: '>=': signed/unsigned mismatch
     1>EventHandle.cpp(25): warning C4018: '>=': signed/unsigned mismatch
     1>EventHandle.cpp(44): warning C4018: '<': signed/unsigned mismatch
     1>EventHandle.cpp(46): warning C4018: '<': signed/unsigned mismatch
     1>EventHandle.cpp(48): warning C4018: '<': signed/unsigned mismatch
     1>EventHandle.cpp(54): warning C4018: '<': signed/unsigned mismatch
         Grid.cpp
     1>Grid.cpp(31): warning C4018: '<': signed/unsigned mismatch
     1>Grid.cpp(33): warning C4018: '<': signed/unsigned mismatch
     1>Grid.cpp(92): warning C4018: '<': signed/unsigned mismatch
         Loop.cpp
         LoopHandle.cpp
         Main.cpp
         MainLoop.cpp
         Robot.cpp
         System.cpp
     1>System.cpp(23): warning C4800: 'BOOL': forcing value to bool 'true' or 'false' (performance warning)
     1>System.cpp(28): warning C4800: 'BOOL': forcing value to bool 'true' or 'false' (performance warning)
     1>System.cpp(30): warning C4018: '>': signed/unsigned mismatch
     1>System.cpp(38): warning C4018: '>=': signed/unsigned mismatch
     1>System.cpp(46): warning C4018: '<': signed/unsigned mismatch
     1>System.cpp(48): warning C4800: 'BOOL': forcing value to bool 'true' or 'false' (performance warning)
     1>System.cpp(60): warning C4018: '<': signed/unsigned mismatch
     1>System.cpp(63): warning C4018: '<': signed/unsigned mismatch
     1>System.cpp(110): warning C4244: 'return': conversion from 'float' to 'int', possible loss of data
     1>System.cpp(124): warning C4244: 'argument': conversion from 'time_t' to 'unsigned int', possible loss of data
       Link:
         C:\Program Files (x86)\Microsoft Visual Studio 14.0\VC\bin\link.exe /ERRORREPORT:PROMPT /OUT:"C:\Users\benjamin.odom\Documents\GitHub\Assesments\3. Wumpus World\Release\Project1.exe" /NOLOGO kernel32.lib user32.lib gdi32.lib winspool.lib comdlg32.lib advapi32.lib shell32.lib ole32.lib oleaut32.lib uuid.lib odbc32.lib odbccp32.lib /MANIFEST /MANIFESTUAC:"level='asInvoker' uiAccess='false'" /manifest:embed /Debug /PDB:"C:\Users\benjamin.odom\Documents\GitHub\Assesments\3. Wumpus World\Release\Project1.pdb" /OPT:REF /OPT:ICF /LTCG:incremental /TLBID:1 /DYNAMICBASE /NXCOMPAT /IMPLIB:"C:\Users\benjamin.odom\Documents\GitHub\Assesments\3. Wumpus World\Release\Project1.lib" /MACHINE:X86 /SAFESEH Release\EventHandle.obj
         Release\Grid.obj
         Release\Loop.obj
         Release\LoopHandle.obj
         Release\MainLoop.obj
         Release\Robot.obj
         Release\Main.obj
         Release\Dungeon.obj
         Release\System.obj
         Generating code
         0 of 576 functions ( 0.0%) were compiled, the rest were copied from previous compilation.
           0 functions were new in current compilation
           0 functions had inline decision re-evaluated but remain unchanged
         Finished generating code
         Project1.vcxproj -> C:\Users\benjamin.odom\Documents\GitHub\Assesments\3. Wumpus World\Release\Project1.exe
     1>Done Building Project "C:\Users\benjamin.odom\Documents\GitHub\Assesments\3. Wumpus World\Project1\Project1.vcxproj" (Build target(s)).

Build succeeded.

Time Elapsed 00:00:07.68
