c:\users\womb-raider\documents\github\assesments\4. shooter\project1\debug\vc140.pdb
c:\users\womb-raider\documents\github\assesments\4. shooter\project1\debug\vc140.idb
c:\users\womb-raider\documents\github\assesments\4. shooter\project1\debug\debug.obj
c:\users\womb-raider\documents\github\assesments\4. shooter\project1\debug\eventhandler.obj
c:\users\womb-raider\documents\github\assesments\4. shooter\project1\debug\fps.obj
c:\users\womb-raider\documents\github\assesments\4. shooter\project1\debug\graphics.obj
c:\users\womb-raider\documents\github\assesments\4. shooter\project1\debug\loop.obj
c:\users\womb-raider\documents\github\assesments\4. shooter\project1\debug\loophandle.obj
c:\users\womb-raider\documents\github\assesments\4. shooter\project1\debug\main.obj
c:\users\womb-raider\documents\github\assesments\4. shooter\project1\debug\mainloop.obj
c:\users\womb-raider\documents\github\assesments\4. shooter\project1\debug\player.obj
c:\users\womb-raider\documents\github\assesments\4. shooter\project1\debug\tank.obj
c:\users\womb-raider\documents\github\assesments\4. shooter\project1\debug\text.obj
c:\users\womb-raider\documents\github\assesments\4. shooter\debug\project1.pdb
c:\users\womb-raider\documents\github\assesments\4. shooter\project1\debug\project1.tlog\cl.command.1.tlog
c:\users\womb-raider\documents\github\assesments\4. shooter\project1\debug\project1.tlog\cl.read.1.tlog
c:\users\womb-raider\documents\github\assesments\4. shooter\project1\debug\project1.tlog\cl.write.1.tlog
c:\users\womb-raider\documents\github\assesments\4. shooter\project1\debug\project1.tlog\link.command.1.tlog
c:\users\womb-raider\documents\github\assesments\4. shooter\project1\debug\project1.tlog\link.read.1.tlog
c:\users\womb-raider\documents\github\assesments\4. shooter\project1\debug\project1.tlog\link.write.1.tlog
